2026-07-21T20:31:49.602Z OK claim_number=322541 claim_id=dea9f350-f440-47fb-8c5d-66fd6b3f4367 use=claim fid=FID-14-108758-0 cr=CR7060322092878-3 scheme=SHIF amount=20162.00 tx=0x02d0545685b0ce3cb12e0bcccb7b17f4a011db2e6c209a09d194338b8958f296 claimNumberOnChain=1784665929399
2026-07-21T20:32:13.770Z ERR claim_number=322542 claim_id=fae5dbbb-999f-451b-ae94-c1d13df3a902 use=claim fid=FID-29-117658-4 cr=CR9402339777318-9 error=500 /api/public/eclaim-contract/submit?wait=false: Internal server error
2026-07-21T20:32:56.878Z OK claim_number=322543 claim_id=0a63ea64-0f4f-4e15-98ab-8c70ae3dbc63 use=claim fid=FID-05-114420-0 cr=CR9402339777318-9 scheme=SHIF amount=364000.00 tx=0x35fc6ce8cf46ad5c19fde922f0bbde5194ac55bb47fbe9f1a0ab410a13544d79 claimNumberOnChain=1784665979922
2026-07-21T20:33:04.269Z OK claim_number=322544 claim_id=a071f76f-adba-49b1-a141-3ac4736d105f use=claim fid=FID-05-114420-0 cr=CR9402339777318-9 scheme=SHIF amount=364000.00 tx=0x56f5e1dc8fabb521b78d7614e39b180a844f3a8db94c89032496dd57ce3b563d claimNumberOnChain=1784665987725
2026-07-21T20:33:11.857Z OK claim_number=322545 claim_id=c982639f-1ac9-4599-a117-279d2f201eba use=claim fid=FID-05-114420-0 cr=CR9402339777318-9 scheme=SHIF amount=364000.00 tx=0xe27e99c5a664df2d5ddf121a66f5fbb7459fa46ffc2deb43fcf1490d9c539976 claimNumberOnChain=1784666010645
2026-07-21T20:39:45.138Z OK claim_number=322546 claim_id=1d2f62a0-f723-40b9-8888-09979838d12b use=claim fid=FID-05-114420-0 cr=CR9402339777318-9 scheme=SHIF amount=310000.00 tx=0xa3d8a8ca9e75a90bb37e4a429b39d1ce692322e7d94288bdb1810f2c6ba0a588 claimNumberOnChain=1784666388709
2026-07-21T20:39:52.889Z OK claim_number=322547 claim_id=299020e2-bb4b-4b4f-b6bc-d49881093275 use=preauthorization fid=FID-43-112246-5 cr=CR9402339777318-9 scheme=SHIF amount=310000.00 tx=0xfb42d1483002883e825428f3f5d61253f76a31789e6e0a185819b683a397a590 claimNumberOnChain=1784666396179
2026-07-21T20:40:01.197Z OK claim_number=322548 claim_id=7f8aff87-09d1-43fc-bd65-782823189c5f use=preauthorization fid=FID-43-112246-5 cr=CR9402339777318-9 scheme=SHIF amount=310000.00 tx=0x3e424882ca73e30a12484f8b2ec9f7ca063d5378eae3047eaf5f24199b57728f claimNumberOnChain=1784666403961
2026-07-21T20:40:08.504Z OK claim_number=322549 claim_id=3f10dda5-6743-49f1-b590-a0ab379ffa4c use=preauthorization fid=FID-43-112246-5 cr=CR9402339777318-9 scheme=SHIF amount=310000.00 tx=0x6e1f840ee773d8539593800fc98157355105d84b51a94d224479eb224bd26092 claimNumberOnChain=1784666411250
2026-07-21T20:40:15.618Z OK claim_number=322550 claim_id=09e74877-8342-4804-9e45-5f948771c068 use=preauthorization fid=FID-14-108758-0 cr=CR7060322092878-3 scheme=SHIF amount=20162.00 tx=0xf6ab07bf29f58ac210d77fd64d362c52b5e86050f4bfa23519cd833709808892 claimNumberOnChain=1784666419200
2026-07-21T20:40:34.124Z OK claim_number=322551 claim_id=c9fbbfef-1fbd-47ac-8237-421707758ca3 use=preauthorization fid=FID-14-108758-0 cr=CR7060322092878-3 scheme=SHIF amount=20162.00 tx=0xc05f1fdb807382c79344ae5b5d1700c79a9519ca900f476982a07682dee340d6 claimNumberOnChain=1784666436989
2026-07-21T20:40:41.392Z OK claim_number=322552 claim_id=712b2b3a-7a08-4949-a12c-7fb78d8cb5ca use=preauthorization fid=FID-17-108652-2 cr=CR7060322092878-3 scheme=SHIF amount=20162.00 tx=0x78d4eef451d5dbc5cecc846ffbe139ceb7097ab07fc1cea0e0d5ead850a214d0 claimNumberOnChain=1784666444169
2026-07-21T20:40:50.740Z OK claim_number=322553 claim_id=7e4d20e9-61a2-4f98-b62e-3ee04cb6fbb2 use=claim fid=FID-17-108652-2 cr=CR7060322092878-3 scheme=SHIF amount=20162.00 tx=0x981326155320ecde2705ddf145efc74a88aa5cf148519295f95a71fba0e75f70 claimNumberOnChain=1784666453410
2026-07-21T20:40:57.764Z OK claim_number=322554 claim_id=08b4b2a7-b629-41d3-bfdd-0c806653d10d use=preauthorization fid=FID-43-112246-6 cr=CR7794222774698-5 scheme=SHIF amount=100.00 tx=0x6be63049df23f897f807e94b6d2b10b19196791e2891d973addb3a4711544a89 claimNumberOnChain=1784666469861
2026-07-21T20:41:14.149Z OK claim_number=322555 claim_id=823a98a0-661a-4092-b05f-b1d355c5db2e use=claim fid=FID-43-112246-6 cr=CR7794222774698-5 scheme=SHIF amount=100.00 tx=0x21d7a85bef6c0266c2d16b68eba3a6efb1ddde0573e625b16d63d8e744da90fe claimNumberOnChain=1784666477899
2026-07-21T20:41:50.292Z OK claim_number=322556 claim_id=2001c4c0-7957-4d92-8b99-a6ac68321765 use=preauthorization fid=FID-43-112246-6 cr=CR7794222774698-5 scheme=SHIF amount=100.00 tx=0xca591ed29d10caef11e6c63d0dbe2aa83dc7506e0d8cf25d2bf2d26dbe74e804 claimNumberOnChain=1784666513208
2026-07-21T20:41:58.384Z OK claim_number=322557 claim_id=bcacf079-2853-41fd-a33d-cb55167675b1 use=claim fid=FID-05-114420-0 cr=CR7794222774698-5 scheme=SHIF amount=100.00 tx=0xeec96193e218f142b79e9883f5f027808d67c054c9d8bc10e915e60e3fc183db claimNumberOnChain=1784666522122
2026-07-21T20:42:06.440Z OK claim_number=322558 claim_id=0a544177-796f-4524-a32b-2db45a3d60dd use=preauthorization fid=FID-43-112246-6 cr=CR7794222774698-5 scheme=SHIF amount=100.00 tx=0x7ec18b032058506a8bc906e0d4ff5e97d9581936e54a5ccf26ed5a131cc19677 claimNumberOnChain=1784666529152
2026-07-21T20:42:14.397Z OK claim_number=322559 claim_id=b87c566b-b1ef-4cfb-943c-04956686584b use=claim fid=FID-05-114420-0 cr=CR7794222774698-5 scheme=SHIF amount=100.00 tx=0x03f85ab7730d9b8841aad464451ddb298a4b26f08a21c940ac58f95ec6519c24 claimNumberOnChain=1784666538009
2026-07-21T20:42:22.288Z OK claim_number=322560 claim_id=013572a8-83e4-4e4c-925a-4eab21122a7c use=preauthorization fid=FID-43-112246-6 cr=CR7794222774698-5 scheme=SHIF amount=100.00 tx=0xb67c95ebd3b98a8f181fab24e486354cc5f49b71c2ba459f469b52e5ef7a5423 claimNumberOnChain=1784666545156
2026-07-21T20:42:30.018Z OK claim_number=322561 claim_id=48cd4c88-93e4-46e1-81d9-22a440efe633 use=claim fid=FID-05-114420-0 cr=CR7794222774698-5 scheme=SHIF amount=100.00 tx=0x38f550ec23e433a0ac5f66c7090bc10db6e203a38c47bf2491a866d2be78db3c claimNumberOnChain=1784666553545
2026-07-21T20:42:37.955Z OK claim_number=322562 claim_id=152ecdd3-4748-4583-96b8-aafa99a6e8ed use=preauthorization fid=FID-43-112246-6 cr=CR7794222774698-5 scheme=SHIF amount=100.00 tx=0x137f78e9a6b05e5ea5be2e80f0c3f566b456eecb37c03dff2a5bede53bc209f5 claimNumberOnChain=1784666560641
2026-07-21T20:42:46.335Z OK claim_number=322563 claim_id=646419bc-8ec7-4a7d-9023-e52029e46695 use=claim fid=FID-05-114420-0 cr=CR7794222774698-5 scheme=SHIF amount=100.00 tx=0xa9f97f5ff355abe60571f8806e00cb83410bc7cfd7fddb14bd00a006b3923065 claimNumberOnChain=1784666569194
2026-07-21T20:42:53.667Z OK claim_number=322564 claim_id=82a05cf4-8617-445f-9437-94ac1f192259 use=claim fid=FID-14-108758-0 cr=CR7794222774698-5 scheme=SHIF amount=3500.00 tx=0x723d5cb8886144bf0a8d0d2581350933cda7d9e47aa54549617b67ef910372a5 claimNumberOnChain=1784666576329
2026-07-21T20:43:01.894Z OK claim_number=322565 claim_id=4458710b-a782-4a90-a8b6-8f62a76b8a1f use=claim fid=FID-14-108758-0 cr=CR7794222774698-5 scheme=SHIF amount=3500.00 tx=0xdd3685dae95c4eb0d2c90cc175db9bd7d87bd7473ddd277bac69da0d63c66b20 claimNumberOnChain=1784666584698
2026-07-21T20:43:09.037Z OK claim_number=322566 claim_id=f86acf47-7b44-45e6-9759-39edef99e34f use=claim fid=FID-14-108758-0 cr=CR7794222774698-5 scheme=SHIF amount=3500.00 tx=0xc914036917a0537976018f264ea5d18d4fd0e319e537b17fa089d5c61608e0dd claimNumberOnChain=1784666591942
2026-07-21T20:43:29.579Z OK claim_number=322567 claim_id=213b7b18-6a2a-46a1-97cf-855d2bb7f45d use=claim fid=FID-05-114420-0 cr=CR7060322092878-3 scheme=SHIF amount=301600.00 tx=0x933fc94b94e059b5d5f0c9bbcb25203691c41608ccbc4f19eba3d484b34c1798 claimNumberOnChain=1784666621241
2026-07-21T20:43:57.199Z OK claim_number=322569 claim_id=98706f74-78b1-4bac-8dcb-7f1466ce09db use=claim fid=FID-17-108652-2 cr=CR7060322092878-3 scheme=SHIF amount=301600.00 tx=0x653588dd3114cc883e82b6b5864ead6eb68458368f67ac32a353a716035ff0da claimNumberOnChain=1784666640739
2026-07-21T20:44:05.034Z OK claim_number=322570 claim_id=b3e9c38d-e021-4f45-8735-b5e46befcb2e use=preauthorization fid=FID-43-112246-6 cr=CR7060322092878-3 scheme=SHIF amount=310000.00 tx=0x81f49524f07d2ba88fe4001d5010f32a3d9d72a957a0823b2109628f22f05753 claimNumberOnChain=1784666648392
2026-07-21T20:44:12.611Z OK claim_number=322571 claim_id=68067802-53df-4a66-86c9-db39487716b6 use=preauthorization fid=FID-43-112246-6 cr=CR8916995418456-2 scheme=SHIF amount=310000.00 tx=0x560ec453619bd99b6ecd2ca0a7f177399d71ff65281259e796cc65d8cf965cf2 claimNumberOnChain=1784666664765
2026-07-21T20:44:29.259Z OK claim_number=322572 claim_id=15dd2196-c799-4b49-812a-14ee52208c56 use=claim fid=FID-05-114420-0 cr=CR8916995418456-2 scheme=SHIF amount=310000.00 tx=0xadbe4c95ab9312a8594b8628658aa31a9a0a24013222532909144efd1251fdd0 claimNumberOnChain=1784666672149
2026-07-21T20:44:36.972Z OK claim_number=322573 claim_id=dfbd384a-d924-46d0-9862-8b3ac3aad931 use=claim fid=FID-43-112246-6 cr=CR8916995418456-2 scheme=SHIF amount=310000.00 tx=0xcca2c03bd686ba817daee0c51187b3ff436462ceb39293175cdaba16df05a757 claimNumberOnChain=1784666680349
2026-07-21T20:44:44.496Z OK claim_number=322574 claim_id=5d6b36fb-83e3-406b-9bb5-6bef6ea43b67 use=claim fid=FID-14-108758-0 cr=CR7794222774698-5 scheme=SHIF amount=3500.00 tx=0xa69a88caa06db53969430fafd602bd055bb53cf4e415bdbe9d4136561ae740d0 claimNumberOnChain=1784666687417
2026-07-21T20:44:51.724Z OK claim_number=322575 claim_id=69d0256d-2513-4a33-90a0-eba57002f0db use=claim fid=FID-14-108758-0 cr=CR7794222774698-5 scheme=SHIF amount=3500.00 tx=0x40c34d256a94f2a526298d7684f3400dc2392d52a5f61f5d2762fa2edde488de claimNumberOnChain=1784666695261
2026-07-21T20:45:00.578Z OK claim_number=322576 claim_id=af0325f7-36ca-4147-8dcb-1e71b336cb66 use=claim fid=FID-05-114420-0 cr=CR5349929938904-4 scheme=SHIF amount=13300.00 tx=0x45f8bf667b1af4d50e816b3d7fd9a99e25d7a9d579129b3a4fbeef3c8103ea98 claimNumberOnChain=1784666712726
2026-07-21T20:45:17.750Z OK claim_number=322577 claim_id=7c59d902-4520-4c82-b0bf-440828cd6962 use=claim fid=FID-05-114420-0 cr=CR3099481036793-1 scheme=SHIF amount=13300.00 tx=0xbfd7422a225df072c86c4c01a50fadf2deef3217926f1b0f93a1f0f9be70868c claimNumberOnChain=1784666730922
2026-07-21T20:45:35.449Z OK claim_number=322578 claim_id=2aee9dd9-77d9-4299-82cf-38b20daa076e use=claim fid=FID-05-114420-0 cr=CR9475401869697-5 scheme=SHIF amount=13300.00 tx=0x2b52b0694f099d8ee4e580f136691528a2bad3a22eddc8632e6183a78a1962b3 claimNumberOnChain=1784666746291
2026-07-21T20:45:51.285Z OK claim_number=322579 claim_id=373cc8e1-2400-4007-a2a1-56811214792d use=claim fid=FID-05-114420-0 cr=CR5562524871352-4 scheme=SHIF amount=13300.00 tx=0x128fd86987a606714f51ba6a164b9d9329207bc62fea0fd0460ae57828acf380 claimNumberOnChain=1784666763104
2026-07-21T20:46:07.630Z OK claim_number=322580 claim_id=695e490a-02cb-4d2e-84f2-39aea2d70758 use=claim fid=FID-05-114420-0 cr=CR7060322092878-3 scheme=SHIF amount=13300.00 tx=0xff00ce93ed05152de06e0a1a22a82b16088e2fa9c33bff4f943fca1ebc7f1cbd claimNumberOnChain=1784666770385
2026-07-21T20:46:15.611Z OK claim_number=322581 claim_id=dc0e46f8-5abb-4d05-817f-3e1ab2729735 use=claim fid=FID-05-114420-0 cr=CR4071273199396-7 scheme=SHIF amount=13300.00 tx=0x6429f43ceb6e7852df7fd830b358ec828f2c0659a7baae0cd8472027457c8191 claimNumberOnChain=1784666787868
2026-07-21T20:46:32.746Z OK claim_number=322582 claim_id=22ab4b46-7ee4-4256-8c1b-f7613c592760 use=claim fid=FID-05-114420-0 cr=CR4513130392671-6 scheme=SHIF amount=13300.00 tx=0xdd798894a427f759afd47cbbf02573693416b7a251c3066254f1f1cc6df08603 claimNumberOnChain=1784666805223
2026-07-21T20:46:49.568Z OK claim_number=322583 claim_id=ce470494-5403-445c-8353-88f2b1fb9a62 use=claim fid=FID-05-114420-0 cr=CR7060322092878-3 scheme=SHIF amount=301600.00 tx=0x198243eeb29fabddd15f90dec20581a3d8fca95bc41de822d09c51ab72a5535b claimNumberOnChain=1784666812408
2026-07-21T20:46:57.370Z OK claim_number=322584 claim_id=48f779e5-2922-402b-9a60-aeca2026148f use=claim fid=FID-14-108758-0 cr=CR7794222774698-5 scheme=SHIF amount=3500.00 tx=0x952f5462c9863fd08d3cbf7797582b8c06738e2fc819b38e9de05c20eaf255f6 claimNumberOnChain=1784666821044
2026-07-21T20:47:05.423Z OK claim_number=322585 claim_id=6dbbdb91-3d16-42b6-a792-b4eca40e4e38 use=preauthorization fid=FID-43-112246-6 cr=CR7794222774698-5 scheme=SHIF amount=100000.00 tx=0xb0ad245c2092e850fc8a9f7a2ca8d9bfcc57df42103e11a76a5cfd9f1c663c6e claimNumberOnChain=1784666828292
2026-07-21T20:47:13.486Z OK claim_number=322586 claim_id=7df04f8f-e96b-409d-bcb8-fdd977015ddf use=preauthorization fid=FID-43-112246-6 cr=CR7794222774698-5 scheme=SHIF amount=100.00 tx=0x3b0f07680335aa6ac0097485293ef105de485c3d58fb14288c14037be3ff8618 claimNumberOnChain=1784666837034
2026-07-21T20:47:21.367Z OK claim_number=322587 claim_id=5ead71eb-7ddf-4a34-92df-045553005323 use=preauthorization fid=FID-43-112246-6 cr=CR7794222774698-5 scheme=SHIF amount=100.00 tx=0x97efca4131124828581fcd48923137614c8f51dfea27f804f9e74dd916f544f7 claimNumberOnChain=1784666844189
2026-07-21T20:47:29.195Z OK claim_number=322588 claim_id=49cb6172-f7b6-4727-977b-1bda4f8e3cab use=claim fid=FID-43-112246-6 cr=CR7794222774698-5 scheme=SHIF amount=100.00 tx=0x1eb11f28a5bfb56ff2fbb8629eb1a13a1cc24d751fe6bf1c9e87545cc3c1984a claimNumberOnChain=1784666851953
2026-07-21T20:47:36.759Z OK claim_number=322589 claim_id=700bce28-8641-40b8-b9e8-10ef73e48425 use=claim fid=FID-43-112246-6 cr=CR7794222774698-5 scheme=SHIF amount=100.00 tx=0x93d22bf315b5e5aeede4724d08f9c8ddf252f555b1cdc0fce36005a0b1b9d52d claimNumberOnChain=1784666859526
2026-07-21T20:47:44.842Z OK claim_number=322590 claim_id=3df55b72-ec47-4515-8c1f-1babb538058c use=preauthorization fid=FID-14-108758-0 cr=CR7794222774698-5 scheme=SHIF amount=3500.00 tx=0xa727ca2a0b9e5aa76845de5b2e188bb0f2adde2f3edc9995b2781e91da5af95e claimNumberOnChain=1784666867649
2026-07-21T20:47:52.834Z OK claim_number=322591 claim_id=bd1e1d0d-e772-4f14-baba-0ae74c31b4e0 use=claim fid=FID-43-112246-6 cr=CR7794222774698-5 scheme=SHIF amount=100.00 tx=0x23836ab87e9d72be817bb36f95d5d7587d904abf2b934f8c93a26addbbb55dec claimNumberOnChain=1784666875536
2026-07-21T20:48:00.583Z OK claim_number=322592 claim_id=58e31604-3845-43af-8cab-b0c5588ef5a6 use=claim fid=FID-05-114420-0 cr=CR7794222774698-5 scheme=SHIF amount=100.00 tx=0x0bfa7649f7cca0a31c2a49df2089c1a6741a5f98fca0d768c28e597b810a1e25 claimNumberOnChain=1784666883427
2026-07-21T20:48:09.558Z OK claim_number=322593 claim_id=4bd27705-70b1-4d7a-82aa-ac5cdb49ef5b use=claim fid=FID-05-114420-0 cr=CR7794222774698-5 scheme=SHIF amount=100.00 tx=0x8d32e655ebd97d3812fe8b22e47ea131c832ea7700a6d316c937c8c04f5a55a4 claimNumberOnChain=1784666892447
2026-07-21T20:48:17.590Z OK claim_number=322594 claim_id=a886b0bb-0e14-4bd4-b23a-d65f4908c92e use=claim fid=FID-43-112246-6 cr=CR7794222774698-5 scheme=SHIF amount=100.00 tx=0x5790db3303777c63dd0f26a35fc950ffe4b587bac0c7bd9f7bbc63f33aac7cda claimNumberOnChain=1784666900393
2026-07-21T20:48:26.295Z OK claim_number=322595 claim_id=80c8b46b-379c-4d03-abda-47dc0c378580 use=claim fid=FID-05-114420-0 cr=CR7794222774698-5 scheme=SHIF amount=100.00 tx=0xbfab93d6923a558f1b4692c5bc81674a9e5c181e1f07cd4ec2b0b96e3b291780 claimNumberOnChain=1784666909210
2026-07-21T20:48:34.200Z OK claim_number=322596 claim_id=035cd866-4a3b-4230-8a8c-2bff904035b1 use=claim fid=FID-05-114420-0 cr=CR7794222774698-5 scheme=SHIF amount=100.00 tx=0x487d2e97e91b80141f42986ed6b3d520c8b98e3966c9111c68bff3dde86dcfa0 claimNumberOnChain=1784666917545
2026-07-21T20:48:41.814Z OK claim_number=322597 claim_id=7a8e9e41-792c-4aab-9b3a-9550f93edfa1 use=claim fid=FID-05-114420-0 cr=CR7794222774698-5 scheme=SHIF amount=100.00 tx=0x6e5373d681432097996b7273fcdcf5028a9e339842bbb76ac5c860f5575fa8b4 claimNumberOnChain=1784666924531
2026-07-21T20:48:49.317Z OK claim_number=322598 claim_id=f2aaaaa7-b979-49a1-88c3-71c6c2d3b623 use=claim fid=FID-05-114420-0 cr=CR7794222774698-5 scheme=SHIF amount=100.00 tx=0x38953afd7cf1eef0337f16846efbe06b592b4d3caf1e05fcab925dfcca8a47b9 claimNumberOnChain=1784666933148
2026-07-21T20:48:57.890Z OK claim_number=322599 claim_id=d6a9aacf-90d8-42a6-ad67-e7e507615f82 use=claim fid=FID-05-114420-0 cr=CR7794222774698-5 scheme=SHIF amount=100.00 tx=0x31de9b297eaf61a76ef839c4c57516aa3cc7a56a1d3500a36d5951f1ef6a9966 claimNumberOnChain=1784666940583
2026-07-21T20:49:04.943Z OK claim_number=322600 claim_id=51976c99-4754-4bb4-b23c-8939a80f7307 use=preauthorization fid=FID-43-112246-6 cr=CR7794222774698-5 scheme=SHIF amount=100.00 tx=0x315744dc3cc454d31b30f4afa5b661ba4e7a783efae2d7ca4b9cc3ddae33ce83 claimNumberOnChain=1784666948492
2026-07-21T20:49:14.495Z OK claim_number=322601 claim_id=0b3e1197-b0fe-4477-8348-b81c802150db use=claim fid=FID-05-114420-0 cr=CR7794222774698-5 scheme=SHIF amount=100.00 tx=0x19479edc62b9e5743be5f64acb7972ac0593cd2b4c7a7f9d3c126f654c8a8fae claimNumberOnChain=1784666957306
2026-07-21T20:49:21.645Z OK claim_number=322602 claim_id=7515c782-32b7-402f-b114-54476047efd9 use=claim fid=FID-05-114420-0 cr=CR4513130392671-6 scheme=SHIF amount=13300.00 tx=0xf4be5084cbeb0a8ae503ce5309df2c9b9de80266b167208ecae7d65faf759445 claimNumberOnChain=1784666964531
2026-07-21T20:49:30.288Z OK claim_number=322603 claim_id=868122bb-9da0-4010-9ad5-94e2c4d44b31 use=claim fid=FID-05-114420-0 cr=CR7060322092878-3 scheme=SHIF amount=13300.00 tx=0xad2562fe43adfd7d5b1f77527662416b22a1fe3053ee9a01ef8bbccd14e23044 claimNumberOnChain=1784666973831
2026-07-21T20:49:38.218Z OK claim_number=322604 claim_id=71bcec19-6143-49f8-8f76-fe36a36de63a use=preauthorization fid=FID-43-112246-6 cr=CR7794222774698-5 scheme=SHIF amount=100.00 tx=0xf07d9301900c4fa69d312350382456e86c4303609d8aa4130dedef8cc1d357f3 claimNumberOnChain=1784666981003
2026-07-21T20:49:46.919Z OK claim_number=322605 claim_id=e860bc3f-7a72-43ab-8191-c4ac9e79d6b7 use=claim fid=FID-43-112246-6 cr=CR7794222774698-5 scheme=SHIF amount=100.00 tx=0x9e8bc487acc4d9bc37c6e23ada2acac0270d036445f32ce4be82b4b2db4e33a7 claimNumberOnChain=1784666989754
2026-07-21T20:49:54.039Z OK claim_number=322606 claim_id=6edac477-3d04-490e-bf99-8e1234d46b89 use=preauthorization fid=FID-43-112246-6 cr=CR7794222774698-5 scheme=SHIF amount=100.00 tx=0x397acb3caa129732e323d7e940b47dc4b1a50f8e6fdb1e4f590d2f4412032409 claimNumberOnChain=1784666997367
2026-07-21T20:50:03.042Z OK claim_number=322607 claim_id=234ec517-91b3-4dfd-a195-3414231a8f1a use=claim fid=FID-43-112246-6 cr=CR7794222774698-5 scheme=SHIF amount=100.00 tx=0x1d473b2bb24e2b96386f50ee22678682a5e055cdd83ea26c756512dfd3d58711 claimNumberOnChain=1784667005789
2026-07-21T20:50:10.239Z OK claim_number=322609 claim_id=b6fc7e76-3274-4f38-a178-57a19be1c777 use=preauthorization fid=FID-43-112246-6 cr=CR7794222774698-5 scheme=SHIF amount=100.00 tx=0xa8d7fcb24664d3940f5e7cf6c86022ea6b3eff8f69eb8e35892163e24d91fd19 claimNumberOnChain=1784667013574
2026-07-21T20:50:19.207Z OK claim_number=322610 claim_id=cee67fbd-166d-42a6-b551-8d476da23f7d use=claim fid=FID-05-114420-0 cr=CR7794222774698-5 scheme=SHIF amount=100.00 tx=0x63f8aa682496d624cb8cc5ff5259d54344b262215e7aa07fb98e5b5e78052f7b claimNumberOnChain=1784667022141
2026-07-21T20:50:27.472Z OK claim_number=322611 claim_id=49e4a232-c0be-4312-a752-451b2fdc2ade use=claim fid=FID-05-114420-0 cr=CR7794222774698-5 scheme=SHIF amount=100.00 tx=0x20e98fa13e895879dc946ba63df49dedeabe0a2b369dae44cbcf6a91216b6f7b claimNumberOnChain=1784667030135
2026-07-21T20:50:35.524Z OK claim_number=322612 claim_id=b12df392-70fb-4a90-ae81-030ca14d3292 use=claim fid=FID-43-112246-6 cr=CR7794222774698-5 scheme=SHIF amount=100.00 tx=0x636f35427d0101521c2d8157d066e4f111bfe4836aba104ad3b05daaaf537c8d claimNumberOnChain=1784667038320
2026-07-21T20:50:43.331Z OK claim_number=322613 claim_id=0ecfd0c4-8db5-46f5-b889-9f3827d176d2 use=preauthorization fid=FID-43-112246-6 cr=CR7794222774698-5 scheme=SHIF amount=100.00 tx=0xb58039a7779e8eade742233e3ed00a8722d1c0024679961268cf2f11fa153287 claimNumberOnChain=1784667046102
2026-07-21T20:50:51.316Z OK claim_number=322614 claim_id=460e5463-8d2b-4903-a969-fa4d08242729 use=claim fid=FID-43-112246-6 cr=CR7794222774698-5 scheme=SHIF amount=100.00 tx=0x9eee70ce2c7df63a3837512327ef418ada784aa3bfbc0de18fe76e082679a1b0 claimNumberOnChain=1784667054025
2026-07-21T20:50:58.599Z OK claim_number=322615 claim_id=fd8ff2b3-6915-486c-90bd-33c28c22a716 use=claim fid=FID-05-114420-0 cr=CR7794222774698-5 scheme=SHIF amount=100.00 tx=0xaa017bd7c28d942e012116ee4f0c9a9f2ff8d5f4466e2e6f15fb1a86e493e240 claimNumberOnChain=1784667062121
2026-07-21T20:51:07.458Z OK claim_number=322616 claim_id=8e69d77f-43e7-4103-acd3-3141cf58c16b use=claim fid=FID-29-117658-4 cr=CR7794222774698-5 scheme=SHIF amount=100.00 tx=0x6ea608bb71efdce3702e3cfe48bfd3f0e7039cdb80e64d443f06c46251e3f0ee claimNumberOnChain=1784667070373
2026-07-21T20:51:16.260Z OK claim_number=322617 claim_id=9daac484-bc43-4099-8dea-fd5785d797f6 use=preauthorization fid=FID-43-112246-6 cr=CR7794222774698-5 scheme=SHIF amount=100.00 tx=0x9bbbf2ca90c83ca5fa99d4749aae65292c84a8520c800e0ab113e2379505ad32 claimNumberOnChain=1784667079064
2026-07-21T20:51:24.287Z OK claim_number=322618 claim_id=b6903ce6-7eb9-4b72-a8e3-03cf8500eff3 use=claim fid=FID-29-117658-4 cr=CR7898947442316-3 scheme=SHIF amount=100.00 tx=0x474d039fd4098c7e7af4fce4a47dafa87c7abb435bc66b759c596cd90f0415c1 claimNumberOnChain=1784667096441
2026-07-21T20:51:41.513Z OK claim_number=322619 claim_id=f8d23b08-5d23-4831-9162-955995648737 use=claim fid=FID-29-117658-4 cr=CR7898947442316-3 scheme=SHIF amount=100.00 tx=0xaf9e96aa47566985e95d2d17198a2877676d03c112a9e3f3b2203b4314e8e6a1 claimNumberOnChain=1784667104321
2026-07-21T20:51:49.483Z OK claim_number=322620 claim_id=aeac7e2f-dc93-428c-96fa-8a09dc4e836d use=claim fid=FID-29-117658-4 cr=CR7898947442316-3 scheme=SHIF amount=100.00 tx=0x8a8efc53b3a40914e0faf99416194881fe484126f46e9c02652e7f6ec30be81d claimNumberOnChain=1784667113052
2026-07-21T20:51:58.255Z OK claim_number=322621 claim_id=316b7b4c-cfeb-456e-8c30-cdee013b1678 use=claim fid=FID-29-117658-4 cr=CR7898947442316-3 scheme=SHIF amount=100.00 tx=0x86293bfe20f0b9b85b140c33864d12d538406c7424c43f0fc20e54f43fe00904 claimNumberOnChain=1784667121778
2026-07-21T20:52:06.250Z OK claim_number=322622 claim_id=5468c63c-64bc-45d7-b8b1-1179d5cc5a5c use=claim fid=FID-05-114420-0 cr=CR7794222774698-5 scheme=SHIF amount=100.00 tx=0x0dc8583aa20e541d97817dde38c3233583b8ef53f5a1f99d0acbe85b7d5bb464 claimNumberOnChain=1784667129207
2026-07-21T20:52:14.933Z OK claim_number=322623 claim_id=e0e1fa70-6d55-4df5-9577-0baf68a8f0ff use=claim fid=FID-05-114420-0 cr=CR7898947442316-3 scheme=SHIF amount=100.00 tx=0xc9b9f3596dbad5ee95f44c777d880a40454cd13bc4200dcaf14151d85b5755f7 claimNumberOnChain=1784667137777
2026-07-21T20:52:22.292Z OK claim_number=322624 claim_id=77ce26ea-8fbd-492a-9f83-215efe5e8708 use=preauthorization fid=FID-43-112246-6 cr=CR7794222774698-5 scheme=SHIF amount=100.00 tx=0xdac9b8fcda5832cd44f5b4478b30c2bd7c74929404fe68ccd4eeb72d5b9d741d claimNumberOnChain=1784667145088
2026-07-21T20:52:31.519Z OK claim_number=322625 claim_id=adc54e4c-f6a5-4a2b-aa57-0691100e9b1b use=claim fid=FID-05-114420-0 cr=CR7794222774698-5 scheme=SHIF amount=100.00 tx=0x87ff7a3291306471e37c5ef2e62c5147b04fa23f46c7da977809d694c42f466a claimNumberOnChain=1784667154891
2026-07-21T20:52:39.446Z OK claim_number=322626 claim_id=0e159b71-a42f-4dbe-bb1f-2b8e6fbe33f6 use=claim fid=FID-05-114420-0 cr=CR7794222774698-5 scheme=SHIF amount=100.00 tx=0xd7bbb068c710172f91562bf97eb052f1063d1f92b92f882b5902a3f45e6cd5ca claimNumberOnChain=1784667162221
2026-07-21T20:52:47.125Z OK claim_number=322627 claim_id=9b267fc0-6cc2-430d-a9c3-7221a519b825 use=claim fid=FID-05-114420-0 cr=CR7794222774698-5 scheme=SHIF amount=100.00 tx=0x8b521f98b9a2e69b45960d4121202c4f012b475b9b113ac3e132a8cabdee2124 claimNumberOnChain=1784667170818
2026-07-21T20:52:55.657Z OK claim_number=322628 claim_id=961effc8-e85b-41ff-80ca-20c60aa26aba use=claim fid=FID-05-114420-0 cr=CR7794222774698-5 scheme=SHIF amount=100.00 tx=0x4e78943efedbc71b0d8f29f13d5e33bd7c9b58d3fb4991020968abbb92daf1f5 claimNumberOnChain=1784667178454
2026-07-21T20:53:03.492Z OK claim_number=322629 claim_id=31c8ac21-770d-44ac-a889-f9f53ce8dfa9 use=claim fid=FID-05-114420-0 cr=CR7794222774698-5 scheme=SHIF amount=100.00 tx=0xcbf8c0f777b25c563e2ec9d07e548cc9ca0ad5cec076adf62a78c2f7e167c33f claimNumberOnChain=1784667186245
2026-07-21T20:53:12.269Z OK claim_number=322630 claim_id=cb8905d2-0025-4a98-8ee6-b24e65b4d99b use=claim fid=FID-05-114420-0 cr=CR7794222774698-5 scheme=SHIF amount=100.00 tx=0xe09fe32d1165ac2a6bebc63361a4f9204b53d0486c2835629d633686e75c022f claimNumberOnChain=1784667195026
2026-07-21T20:53:20.606Z OK claim_number=322631 claim_id=fedfe82b-6d7e-434f-890b-b2dec638e943 use=claim fid=FID-05-114420-0 cr=CR7794222774698-5 scheme=SHIF amount=100.00 tx=0x413f235d591d947f37a2dc3c70dbcbd8f99d350eae4baf94aea5956fc0c59535 claimNumberOnChain=1784667203389
2026-07-21T20:53:27.803Z OK claim_number=322632 claim_id=20491053-31ee-4af2-8548-efdb10dff1c6 use=preauthorization fid=FID-43-112246-6 cr=CR7794222774698-5 scheme=SHIF amount=100.00 tx=0x37b090fd6734cc7971258b9bef2b26d5fe88be5776d291db4ca38b4bcd299704 claimNumberOnChain=1784667210470
2026-07-21T20:53:35.416Z OK claim_number=322633 claim_id=cab033ef-7bd5-4aac-a4dd-4f1cb882687f use=claim fid=FID-43-112246-6 cr=CR7794222774698-5 scheme=SHIF amount=100.00 tx=0xdd63d4407c43f6615d7fcf72a2be05c330ead775990dba418e05472b7301728e claimNumberOnChain=1784667218811
2026-07-21T20:53:43.164Z OK claim_number=322634 claim_id=4114d67f-41e9-4de7-b7fa-e247cbb75ec9 use=preauthorization fid=FID-43-112246-6 cr=CR7794222774698-5 scheme=SHIF amount=100.00 tx=0x6eaeedca981b9d8ede4dbdec400dabb2d67103336e29f96416ead089cf25ef16 claimNumberOnChain=1784667226140
2026-07-21T20:53:50.894Z OK claim_number=322635 claim_id=19fb8d2a-9cd8-4f94-9c2b-17e775f69e05 use=claim fid=FID-05-114420-0 cr=CR7794222774698-5 scheme=SHIF amount=100.00 tx=0x71e11deddc8b36b2fdec7461bc44d34ff445bd2dab9ca9a81a7b5aba9b6feb05 claimNumberOnChain=1784667234215
2026-07-21T20:53:58.332Z OK claim_number=322636 claim_id=d7b9875b-80cc-414b-b5ae-fa50bb3f7dcb use=claim fid=FID-43-112246-6 cr=CR7794222774698-5 scheme=SHIF amount=100.00 tx=0xc60765abf03739d23f6644b229d155b2ed821ca9716da90412733e81819ae7e7 claimNumberOnChain=1784667241821
2026-07-21T20:54:05.945Z OK claim_number=322637 claim_id=1a8ebdd2-9b1b-4e17-88a4-10fbfec30940 use=claim fid=FID-05-114420-0 cr=CR7794222774698-5 scheme=SHIF amount=100.00 tx=0x74e00542869ff3557b5fe7d6b785b2a38dd394ac18f0a45a69962ff38bb260c5 claimNumberOnChain=1784667249572
2026-07-21T20:54:13.899Z OK claim_number=322638 claim_id=0cfd1de7-0ea9-44a6-b64a-694d2a750e51 use=preauthorization fid=FID-43-112246-6 cr=CR7794222774698-5 scheme=SHIF amount=100.00 tx=0x1310ba9b0916fe0477b9cdff357a2607de1c472ce3d94590c225cb2bbda1fa52 claimNumberOnChain=1784667256656
2026-07-21T20:54:21.549Z OK claim_number=322639 claim_id=b5e88994-02b6-4e6f-8355-0c6415493c19 use=preauthorization fid=FID-43-112246-6 cr=CR7794222774698-5 scheme=SHIF amount=100.00 tx=0x248d17c84fcbbed3d8c0ca43028e3b7ee3a6527ea00185ab47e054bd9c5e9671 claimNumberOnChain=1784667265083
2026-07-21T20:54:30.058Z OK claim_number=322640 claim_id=4798b41a-0fa2-40c8-9246-d7c5726a5189 use=preauthorization fid=FID-43-112246-6 cr=CR7794222774698-5 scheme=SHIF amount=10000000.00 tx=0x22bbfa5682fd49ad40e738f3fa700a0a4b5a67bcbd57e76437c845b780b6f69c claimNumberOnChain=1784667273323
2026-07-21T20:54:38.285Z OK claim_number=322641 claim_id=e41141f4-a804-42d1-9b27-19c80e9fc16e use=preauthorization fid=FID-43-112246-6 cr=CR7794222774698-5 scheme=SHIF amount=10000000.00 tx=0x0935b0665812353b3df474547928d7a86b82450bcd7dec4e23619b6b816c4b6b claimNumberOnChain=1784667281117
2026-07-21T20:54:45.494Z OK claim_number=322642 claim_id=80cbfe20-8591-4d0a-a9a5-afe355ef955c use=preauthorization fid=FID-43-112246-6 cr=CR7794222774698-5 scheme=SHIF amount=100.00 tx=0x71097106b8ec523388e69b16aeec7cb4216eb9e4cd94f20cbffdd76bb7516cd7 claimNumberOnChain=1784667289930
2026-07-21T20:54:54.321Z OK claim_number=322643 claim_id=907333ec-1ae4-42cd-a552-49d612e81af9 use=claim fid=FID-43-112246-6 cr=CR7794222774698-5 scheme=SHIF amount=100.00 tx=0x33bb16e887b82289347bacc6cc334bcad34e109eeb694848dc31c4266b1ebc0c claimNumberOnChain=1784667297081
2026-07-21T20:55:01.565Z OK claim_number=322645 claim_id=3f06d523-c3d9-4376-8302-fa22cedc3dfc use=claim fid=FID-43-112246-6 cr=CR7794222774698-5 scheme=SHIF amount=100.00 tx=0x56e25b5d561b5772277c9cf4149ea0f3218d2ef37e9c21291ab3559d84d76bd7 claimNumberOnChain=1784667304392
2026-07-21T20:55:10.368Z OK claim_number=322646 claim_id=58db84c9-9291-4805-9d79-10ed09cf6f23 use=claim fid=FID-43-112246-6 cr=CR7794222774698-5 scheme=SHIF amount=100.00 tx=0x66c0495395e6d2a27e4c73330368db76fd8c5a883a39a935ce6143b116972a2d claimNumberOnChain=1784667313180
2026-07-21T20:55:18.615Z OK claim_number=322647 claim_id=840a6534-d477-4f72-92fe-698638c40582 use=claim fid=FID-43-112246-6 cr=CR7794222774698-5 scheme=SHIF amount=100.00 tx=0xfd8d9553566be7d298801b780a302db48b1b775007a78f45bcec5d47e540905b claimNumberOnChain=1784667322284
2026-07-21T20:55:27.362Z OK claim_number=322648 claim_id=b5be052d-c0c5-492b-8024-53aee936bd0c use=claim fid=FID-43-112246-6 cr=CR7794222774698-5 scheme=SHIF amount=100.00 tx=0xe88a7ca5bd7a280f1d06e09c725fbd9f6cda67082177ca342c4842b97ca782b0 claimNumberOnChain=1784667330197
2026-07-21T20:55:35.381Z OK claim_number=322649 claim_id=38bad5bd-54f5-48f4-8ae7-7dfc42195f50 use=claim fid=FID-43-112246-6 cr=CR7794222774698-5 scheme=SHIF amount=100.00 tx=0x0630b535ce13a1924a671afd21904f29047177d2f13185c2d7c846f218c77e4c claimNumberOnChain=1784667338293
2026-07-21T20:55:42.741Z OK claim_number=322650 claim_id=89d5314a-29ec-4382-b5ad-c300b6f153ea use=claim fid=FID-43-112246-6 cr=CR7794222774698-5 scheme=SHIF amount=100.00 tx=0x992ff965dc3cd795a0209f4abd983fec91b1ef966b3997bdda1064a3bf944a35 claimNumberOnChain=1784667345691
2026-07-21T20:55:50.196Z OK claim_number=322651 claim_id=2bde7ef9-2424-42a0-a5ef-555f41e62689 use=claim fid=FID-05-114420-0 cr=CR7794222774698-5 scheme=SHIF amount=100.00 tx=0xde29f5ec4b4d398f185e3a73af3110ef6605f7dbcd6bfebc2ccb59e9a7715777 claimNumberOnChain=1784667353827
2026-07-21T20:55:58.507Z OK claim_number=322652 claim_id=f9b1848d-2146-4305-ae59-3d6d7653f1a1 use=preauthorization fid=FID-43-112246-6 cr=CR7794222774698-5 scheme=SHIF amount=100.00 tx=0xb9266fcf7530b307dde23e216ed36010c8ab1a316cda8fa91896ebd0b78ee50d claimNumberOnChain=1784667361456
2026-07-21T20:56:23.434Z OK claim_number=322653 claim_id=a37d0701-b9c8-47e6-88be-d3459f131af8 use=claim fid=FID-43-112246-6 cr=CR7794222774698-5 scheme=SHIF amount=100.00 tx=0x4d13c6e644c445a345489702063c1a4b884e3a8731959ef7dc243d2dd097bfff claimNumberOnChain=1784667395118
2026-07-21T20:56:57.998Z OK claim_number=322654 claim_id=5d7d4785-5184-436d-ae98-b2c92bb41fd6 use=preauthorization fid=FID-43-112246-6 cr=CR7794222774698-5 scheme=SHIF amount=100.00 tx=0x8b4ae2a7ce1afb648516e47cbdb2e80a3671d5eff42eff1e8e589dc47df920b3 claimNumberOnChain=1784667420736
2026-07-21T20:57:06.766Z OK claim_number=322655 claim_id=b6afc722-2c4e-4ed5-9a5a-6aef6f2b645f use=claim fid=FID-43-112246-6 cr=CR7794222774698-5 scheme=SHIF amount=100.00 tx=0x3d3a170f8175113081d577a6516d15e1ff3691d19b85cce74608d9be5e6b1948 claimNumberOnChain=1784667429588
2026-07-21T20:57:14.612Z OK claim_number=322656 claim_id=7756ccce-16c3-4fbc-b725-3864d6558500 use=claim fid=FID-43-112246-6 cr=CR7794222774698-5 scheme=SHIF amount=100.00 tx=0x3d1009c4200eb0129147648d4698159ea0a69be62aafddd3e4a40b8986b886af claimNumberOnChain=1784667437342
2026-07-21T20:57:22.338Z OK claim_number=322657 claim_id=fc722bde-ebac-45f8-8f93-890f33b6209d use=preauthorization fid=FID-43-112246-6 cr=CR7794222774698-5 scheme=SHIF amount=100.00 tx=0x362c034f622ff385f601a1acfe454e227b98fbad62844c677b4cbd7eb516efda claimNumberOnChain=1784667445911
2026-07-21T20:57:30.333Z OK claim_number=322658 claim_id=77eb1488-1974-4914-8fac-630513c6b059 use=claim fid=FID-43-112246-6 cr=CR7794222774698-5 scheme=SHIF amount=100.00 tx=0x2588da651d52407feb82bc01faaaf1ea584cc09dfc095f00a63ae332d421ca5b claimNumberOnChain=1784667453100
2026-07-21T20:58:25.729Z ERR claim_number=322659 claim_id=0a33cdce-b3c0-4797-899d-fa78c3f14fd6 use=claim fid=FID-05-114420-0 cr=CR9127676432950-5 error=fetch failed
2026-07-21T20:58:47.223Z OK claim_number=322660 claim_id=ecedfe95-adeb-42bd-9746-52c174f65dfe use=claim fid=FID-43-112246-6 cr=CR7794222774698-5 scheme=SHIF amount=100.00 tx=0x19560ae36ed96f49b953e755f12743f9a6425293e0ea329a1dcd7465bf8052f4 claimNumberOnChain=1784667538733
2026-07-21T20:59:03.029Z OK claim_number=322661 claim_id=112b3b14-ded0-44f4-9194-7fccbe4d44e0 use=claim fid=FID-05-114420-0 cr=CR7794222774698-5 scheme=SHIF amount=100.00 tx=0x08ec1df5ebae796437222c6bd50d50befba6f52229ea32cc9fbd12c29201ac6d claimNumberOnChain=1784667546407
2026-07-21T20:59:10.569Z OK claim_number=322662 claim_id=bab30a53-a367-4a5c-a81c-f5274def38fc use=preauthorization fid=FID-43-112246-6 cr=CR7794222774698-5 scheme=SHIF amount=100.00 tx=0xb8585cfc312425047800fcaa06689e87bccf52f2588fa6c800864df7898f5b8c claimNumberOnChain=1784667553341
2026-07-21T20:59:18.316Z OK claim_number=322663 claim_id=af7c7973-ae1e-4eed-af22-3849daf15b04 use=claim fid=FID-05-114420-0 cr=CR7794222774698-5 scheme=SHIF amount=100.00 tx=0x78ad60204502246f89a4641977b2ddcaa6501c9ae4ca52a4e01bde2658aedbfe claimNumberOnChain=1784667562095
2026-07-21T20:59:26.125Z OK claim_number=322664 claim_id=f75f81f3-c47b-4c78-9869-a1a8d1818bf1 use=claim fid=FID-01-105921-2 cr=CR7898947442316-3 scheme=SHIF amount=100.00 tx=0x0413cd29615e6304a4441c7ecd21023fdd74738a35e5679f4127a706c53ce00d claimNumberOnChain=1784667568881
2026-07-21T20:59:33.301Z OK claim_number=322665 claim_id=08aa8b00-ab62-4e77-83bd-7eddbd9cfb03 use=claim fid=FID-05-114420-0 cr=CR7794222774698-5 scheme=SHIF amount=100.00 tx=0xc9bb23deca4b90a72f3bd9a64d5a11a20ca3281f8dde68e69509cb82894e7d21 claimNumberOnChain=1784667576816
2026-07-21T20:59:41.291Z OK claim_number=322666 claim_id=d9b0b349-a69b-4e13-ab73-0ebc0e296619 use=preauthorization fid=FID-43-112246-6 cr=CR7794222774698-5 scheme=SHIF amount=100.00 tx=0x031ec4904443abe4d088e1f0c940750329e651f6aacf2ef14230d2c2e9ae1ee0 claimNumberOnChain=1784667584092
2026-07-21T20:59:49.316Z OK claim_number=322667 claim_id=efd24203-d1a2-4db1-9ad0-72ebc733220d use=claim fid=FID-05-114420-0 cr=CR7794222774698-5 scheme=SHIF amount=100.00 tx=0xe12fad837356b9a95cce66dc710a797d7479a3305da98e9394e214bbe3598ca1 claimNumberOnChain=1784667591981
2026-07-21T20:59:56.381Z OK claim_number=322668 claim_id=bbfabb37-0d05-4bf3-8c13-9c013a5bbfba use=claim fid=FID-05-114420-0 cr=CR7794222774698-5 scheme=SHIF amount=100.00 tx=0xf02b73175c9c8289e606e253602dfbfd5214ab5bafccc1e12500fbbcc94c0463 claimNumberOnChain=1784667599132
2026-07-21T21:00:31.169Z OK claim_number=322669 claim_id=afa65578-10c4-42f4-96ab-c49d82bda8bc use=claim fid=FID-43-112246-6 cr=CR7794222774698-5 scheme=SHIF amount=100.00 tx=0x5e2054f9c047673d8c4b2d62742e20b4f1a82c31ab375099777ee74457443593 claimNumberOnChain=1784667634627
2026-07-21T21:00:43.488Z OK claim_number=322670 claim_id=81ccd691-f80c-451c-a900-ecc6fc822390 use=claim fid=FID-05-114420-0 cr=CR7794222774698-5 scheme=SHIF amount=100.00 tx=0xfd38fb140d7ad43804cbf08b0c62e9305080e5eae0547ca665ef0e955706606e claimNumberOnChain=1784667646394
2026-07-21T21:00:51.448Z OK claim_number=322671 claim_id=4b51343b-4dc8-4f80-8e0c-a04d5f9cda54 use=claim fid=FID-05-114420-0 cr=CR7794222774698-5 scheme=SHIF amount=100.00 tx=0x4685ab634ee7e027b485e3447397ad98cefb7d575590c4d3c20a10f1cc2764d8 claimNumberOnChain=1784667655021
2026-07-21T21:00:59.401Z OK claim_number=322672 claim_id=50c4fd40-971a-449f-ac93-27433927aafe use=claim fid=FID-43-112246-6 cr=CR7794222774698-5 scheme=SHIF amount=100.00 tx=0x13758a4931dd84146263495660a8f6072fd175e974d877431d2607b16293fbfd claimNumberOnChain=1784667662228
